[0.025s] Invoking command in '/home/sun/Desktop/plugin_github/nav2_3d_costmap_plugin/build/nav2_3d_static_layer': CMAKE_PREFIX_PATH=${CMAKE_PREFIX_PATH}:/home/sun/turtlebot3_ws/install/turtlebot3_teleop:/home/sun/turtlebot3_ws/install/turtlebot3_example:/home/sun/navigation2/src/install/opencv_tests:/home/sun/navigation2/src/install/nav2_gazebo_spawner:/opt/ros/foxy /usr/bin/cmake --build /home/sun/Desktop/plugin_github/nav2_3d_costmap_plugin/build/nav2_3d_static_layer -- -j6 -l6
[0.086s] -- Found ament_cmake: 0.9.6 (/opt/ros/foxy/share/ament_cmake/cmake)
[0.115s] -- Using PYTHON_EXECUTABLE: /usr/bin/python3
[0.284s] -- Found rclcpp: 2.1.0 (/opt/ros/foxy/share/rclcpp/cmake)
[0.309s] -- Using all available rosidl_typesupport_c: rosidl_typesupport_fastrtps_c;rosidl_typesupport_introspection_c
[0.312s] -- Found rosidl_adapter: 1.1.0 (/opt/ros/foxy/share/rosidl_adapter/cmake)
[0.446s] -- Using all available rosidl_typesupport_cpp: rosidl_typesupport_fastrtps_cpp;rosidl_typesupport_introspection_cpp
[0.490s] -- Found rmw_implementation_cmake: 1.0.1 (/opt/ros/foxy/share/rmw_implementation_cmake/cmake)
[0.493s] -- Using RMW implementation 'rmw_fastrtps_cpp' as default
[0.642s] -- Found nav2_costmap_2d: 0.4.3 (/home/sun/navigation2/src/install/nav2_costmap_2d/share/nav2_costmap_2d/cmake)
[2.196s] -- Found pcl_conversions: 2.2.0 (/opt/ros/foxy/share/pcl_conversions/cmake)
[2.360s] -- Eigen found (include: /usr/include/eigen3, version: 3.3.7)
[2.450s] -- The imported target "vtkParseOGLExt" references the file
[2.451s]    "/usr/bin/vtkParseOGLExt-7.1"
[2.451s] but this file does not exist.  Possible reasons include:
[2.451s] * The file was deleted, renamed, or moved to another location.
[2.451s] * An install or uninstall procedure did not complete successfully.
[2.451s] * The installation package was faulty and contained
[2.451s]    "/usr/lib/cmake/vtk-7.1/VTKTargets.cmake"
[2.451s] but not all the files it references.
[2.451s] 
[2.452s] -- The imported target "vtkRenderingPythonTkWidgets" references the file
[2.452s]    "/usr/lib/x86_64-linux-gnu/libvtkRenderingPythonTkWidgets.so"
[2.452s] but this file does not exist.  Possible reasons include:
[2.452s] * The file was deleted, renamed, or moved to another location.
[2.453s] * An install or uninstall procedure did not complete successfully.
[2.453s] * The installation package was faulty and contained
[2.453s]    "/usr/lib/cmake/vtk-7.1/VTKTargets.cmake"
[2.453s] but not all the files it references.
[2.453s] 
[2.453s] -- The imported target "vtk" references the file
[2.453s]    "/usr/bin/vtk"
[2.453s] but this file does not exist.  Possible reasons include:
[2.453s] * The file was deleted, renamed, or moved to another location.
[2.454s] * An install or uninstall procedure did not complete successfully.
[2.454s] * The installation package was faulty and contained
[2.454s]    "/usr/lib/cmake/vtk-7.1/VTKTargets.cmake"
[2.454s] but not all the files it references.
[2.454s] 
[2.454s] -- The imported target "pvtk" references the file
[2.454s]    "/usr/bin/pvtk"
[2.454s] but this file does not exist.  Possible reasons include:
[2.454s] * The file was deleted, renamed, or moved to another location.
[2.454s] * An install or uninstall procedure did not complete successfully.
[2.455s] * The installation package was faulty and contained
[2.455s]    "/usr/lib/cmake/vtk-7.1/VTKTargets.cmake"
[2.455s] but not all the files it references.
[2.455s] 
[2.471s] -- OpenNI found (include: /usr/include/ni, lib: /usr/lib/libOpenNI.so)
[2.478s] -- OpenNI2 found (include: /usr/include/openni2, lib: /usr/lib/libOpenNI2.so)
[2.478s] ** WARNING ** io features related to pcap will be disabled
[2.478s] ** WARNING ** io features related to png will be disabled
[2.490s] ** WARNING ** io features related to libusb-1.0 will be disabled
[2.496s] -- OpenNI found (include: /usr/include/ni, lib: /usr/lib/libOpenNI.so)
[2.501s] -- OpenNI2 found (include: /usr/include/openni2, lib: /usr/lib/libOpenNI2.so)
[2.513s] -- QHULL found (include: /usr/include, lib: optimized;/usr/lib/x86_64-linux-gnu/libqhull.so;debug;/usr/lib/x86_64-linux-gnu/libqhull.so)
[2.513s] -- looking for PCL_COMMON
[2.513s] -- looking for PCL_KDTREE
[2.514s] -- looking for PCL_OCTREE
[2.514s] -- looking for PCL_SEARCH
[2.515s] -- looking for PCL_SAMPLE_CONSENSUS
[2.515s] -- looking for PCL_FILTERS
[2.516s] -- looking for PCL_2D
[2.517s] -- looking for PCL_GEOMETRY
[2.517s] -- looking for PCL_IO
[2.518s] -- looking for PCL_FEATURES
[2.518s] -- looking for PCL_ML
[2.518s] -- looking for PCL_SEGMENTATION
[2.519s] -- looking for PCL_VISUALIZATION
[2.520s] -- looking for PCL_SURFACE
[2.520s] -- looking for PCL_REGISTRATION
[2.521s] -- looking for PCL_KEYPOINTS
[2.521s] -- looking for PCL_TRACKING
[2.522s] -- looking for PCL_RECOGNITION
[2.522s] -- looking for PCL_STEREO
[2.523s] -- looking for PCL_OUTOFCORE
[2.523s] -- looking for PCL_PEOPLE
[3.062s] -- Found ament_lint_auto: 0.9.5 (/opt/ros/foxy/share/ament_lint_auto/cmake)
[3.134s] -- Found ament_cmake_gtest: 0.9.6 (/opt/ros/foxy/share/ament_cmake_gtest/cmake)
[3.140s] -- Found gtest sources under '/opt/ros/foxy/src/gtest_vendor': C++ tests using 'Google Test' will be built
[3.706s] -- Added test 'cppcheck' to perform static code analysis on C / C++ code
[3.707s] -- Configured cppcheck include dirs: /home/sun/Desktop/plugin_github/nav2_3d_costmap_plugin/nav2_3d_costmap_plugin/include
[3.707s] -- Configured cppcheck exclude dirs and/or files: 
[3.708s] -- Added test 'flake8' to check Python code syntax and style conventions
[3.711s] -- Added test 'lint_cmake' to check CMake code style
[3.713s] -- Added test 'pep257' to check Python code against some of the style conventions in PEP 257
[3.721s] -- Added test 'uncrustify' to check C / C++ code style
[3.721s] -- Configured uncrustify additional arguments: 
[3.723s] -- Added test 'xmllint' to check XML markup files
[3.727s] -- Configuring done
[3.897s] -- Generating done
[3.900s] -- Build files have been written to: /home/sun/Desktop/plugin_github/nav2_3d_costmap_plugin/build/nav2_3d_static_layer
[3.941s] [35m[1mScanning dependencies of target nav2_3d_static_layer_core[0m
[3.953s] [ 50%] Built target gtest_main
[3.953s] [ 50%] Built target gtest
[4.007s] [ 62%] [32mBuilding CXX object CMakeFiles/nav2_3d_static_layer_core.dir/src/nav2_3d_static_layer.cpp.o[0m
[5.009s] make[2]: *** [CMakeFiles/nav2_3d_static_layer_core.dir/build.make:63: CMakeFiles/nav2_3d_static_layer_core.dir/src/nav2_3d_static_layer.cpp.o] Interrupt
[5.010s] make[1]: *** [CMakeFiles/Makefile2:137: CMakeFiles/nav2_3d_static_layer_core.dir/all] Interrupt
[5.010s] make: *** [Makefile:141: all] Interrupt
[5.016s] Invoked command in '/home/sun/Desktop/plugin_github/nav2_3d_costmap_plugin/build/nav2_3d_static_layer' returned '-2': CMAKE_PREFIX_PATH=${CMAKE_PREFIX_PATH}:/home/sun/turtlebot3_ws/install/turtlebot3_teleop:/home/sun/turtlebot3_ws/install/turtlebot3_example:/home/sun/navigation2/src/install/opencv_tests:/home/sun/navigation2/src/install/nav2_gazebo_spawner:/opt/ros/foxy /usr/bin/cmake --build /home/sun/Desktop/plugin_github/nav2_3d_costmap_plugin/build/nav2_3d_static_layer -- -j6 -l6
